<?xml version="1.0" encoding="UTF-8"?>
<!-- Generated by org.testng.reporters.JUnitXMLReporter -->
<testsuite ignored="0" hostname="C02G59ZLML7H" failures="0" tests="4" name="Test" time="0.033" errors="0" timestamp="03 Apr 2023 02:32:19 GMT">
  <testcase classname="testCases.Test1" name="test_login" time="0.007"/>
  <testcase classname="testCases.Test2" name="test_search" time="0.002"/>
  <testcase classname="testCases.Test1" name="test_logout" time="0.001"/>
  <testcase classname="testCases.Test2" name="test_advSearch" time="0.001"/>
</testsuite> <!-- Test -->
